<?xml version="1.0" encoding="UTF-8"?>
<!-- Generated by org.testng.reporters.JUnitXMLReporter -->
<testsuite ignored="0" hostname="LAPTOP-SS1A5J3T" failures="0" tests="1" name="Test1" time="0.102" errors="0" timestamp="2022-04-20T10:54:05 IST">
  <testcase classname="com.obsqura.main.base.Base" name="@BeforeSuite initialization" time="0.017">
    <failure type="java.lang.NullPointerException" message="Cannot invoke &amp;quot;org.openqa.selenium.WebDriver.get(String)&amp;quot; because &amp;quot;com.obsqura.main.base.Base.driver&amp;quot; is null">
      <![CDATA[java.lang.NullPointerException: Cannot invoke "org.openqa.selenium.WebDriver.get(String)" because "com.obsqura.main.base.Base.driver" is null
at com.obsqura.main.base.Base.initialization(Base.java:94)
... Removed 17 stack frames]]>
    </failure>
  </testcase> <!-- @BeforeSuite initialization -->
  <testcase classname="com.qa.testcases.LoginTestCase" name="@AfterMethod logOut" time="-1.650432244918E9">
    <skipped/>
  </testcase> <!-- @AfterMethod logOut -->
  <testcase classname="com.qa.testcases.LoginTestCase" name="@AfterMethod logOut" time="-1.650432244932E9">
    <skipped/>
  </testcase> <!-- @AfterMethod logOut -->
  <testcase classname="com.qa.testcases.LoginTestCase" name="loginTc01" time="0.0">
    <skipped/>
  </testcase> <!-- loginTc01 -->
</testsuite> <!-- Test1 -->
