<?xml version="1.0" encoding="UTF-8"?>
<!-- Generated by org.testng.reporters.JUnitXMLReporter -->
<testsuite ignored="10" hostname="LAPTOP-SS1A5J3T" failures="0" tests="1" name="Default test" time="9.948" errors="0" timestamp="2022-04-18T11:36:49 IST">
  <testcase classname="com.qa.testcases.ManageTestCases" name="managePaymentMethodTc29" time="3.334"/>
  <testcase classname="com.qa.testcases.ManageTestCases" name="pushNotificationTc22" time="0.0">
    <ignored/>
  </testcase> <!-- pushNotificationTc22 -->
  <testcase classname="com.qa.testcases.ManageTestCases" name="manageCategoryTc25" time="0.0">
    <ignored/>
  </testcase> <!-- manageCategoryTc25 -->
  <testcase classname="com.qa.testcases.ManageTestCases" name="ManageDeleveryBoyTc30" time="0.0">
    <ignored/>
  </testcase> <!-- ManageDeleveryBoyTc30 -->
  <testcase classname="com.qa.testcases.ManageTestCases" name="offerCodeTc27" time="0.0">
    <ignored/>
  </testcase> <!-- offerCodeTc27 -->
  <testcase classname="com.qa.testcases.ManageTestCases" name="verifyUsersTc20" time="0.0">
    <ignored/>
  </testcase> <!-- verifyUsersTc20 -->
  <testcase classname="com.qa.testcases.ManageTestCases" name="manageLocationTc23" time="0.0">
    <ignored/>
  </testcase> <!-- manageLocationTc23 -->
  <testcase classname="com.qa.testcases.ManageTestCases" name="cashOnDelevaryTc28" time="0.0">
    <ignored/>
  </testcase> <!-- cashOnDelevaryTc28 -->
  <testcase classname="com.qa.testcases.ManageTestCases" name="verifyUsersTc21" time="0.0">
    <ignored/>
  </testcase> <!-- verifyUsersTc21 -->
  <testcase classname="com.qa.testcases.ManageTestCases" name="manageCategoryTc26" time="0.0">
    <ignored/>
  </testcase> <!-- manageCategoryTc26 -->
  <testcase classname="com.qa.testcases.ManageTestCases" name="manageSliderTc24" time="0.0">
    <ignored/>
  </testcase> <!-- manageSliderTc24 -->
</testsuite> <!-- Default test -->
