# JRE version: Java(TM) SE Runtime Environment (18.0+36) (build 18+36-2087)
# Java VM: Java HotSpot(TM) 64-Bit Server VM (18+36-2087, mixed mode, sharing, tiered, compressed oops, compressed class ptrs, g1 gc, windows-amd64)
GC Precious Log:
 CardTable entry size: 512
 Card Set container configuration: InlinePtr #cards 5 size 8 Array Of Cards #cards 12 size 40 Howl #buckets 4 coarsen threshold 1843 Howl Bitmap #cards 512 size 80 coarsen threshold 460 Card regions per heap region 1 cards per card region 2048
 CPUs: 4 total, 4 available
 Memory: 3463M
 Large Page Support: Disabled
 NUMA Support: Disabled
 Compressed Oops: Enabled (32-bit)
 Heap Region Size: 1M
 Heap Min Capacity: 8M
 Heap Initial Capacity: 56M
 Heap Max Capacity: 866M
 Pre-touch: Disabled
 Parallel Workers: 4
 Concurrent Workers: 1
 Concurrent Refinement Workers: 4
 Periodic GC: Disabled
Heap:
 garbage-first heap   total 57344K, used 27901K [0x00000000c9e00000, 0x0000000100000000)
  region size 1024K, 4 young (4096K), 3 survivors (3072K)
 Metaspace       used 21328K, committed 21568K, reserved 1114112K
  class space    used 2608K, committed 2752K, reserved 1048576K
GC Heap History (8 events):
Event: 7.134 GC heap before
{Heap before GC invocations=0 (full 0):
 garbage-first heap   total 57344K, used 13312K [0x00000000c9e00000, 0x0000000100000000)
  region size 1024K, 13 young (13312K), 0 survivors (0K)
 Metaspace       used 5562K, committed 5824K, reserved 1114112K
  class space    used 582K, committed 704K, reserved 1048576K
}
Event: 7.142 GC heap after
{Heap after GC invocations=1 (full 0):
 garbage-first heap   total 57344K, used 3986K [0x00000000c9e00000, 0x0000000100000000)
  region size 1024K, 2 young (2048K), 2 survivors (2048K)
 Metaspace       used 5562K, committed 5824K, reserved 1114112K
  class space    used 582K, committed 704K, reserved 1048576K
}
Event: 8.056 GC heap before
{Heap before GC invocations=1 (full 0):
 garbage-first heap   total 57344K, used 16274K [0x00000000c9e00000, 0x0000000100000000)
  region size 1024K, 14 young (14336K), 2 survivors (2048K)
 Metaspace       used 9372K, committed 9536K, reserved 1114112K
  class space    used 1093K, committed 1152K, reserved 1048576K
}
Event: 8.063 GC heap after
{Heap after GC invocations=2 (full 0):
 garbage-first heap   total 57344K, used 5277K [0x00000000c9e00000, 0x0000000100000000)
  region size 1024K, 2 young (2048K), 2 survivors (2048K)
 Metaspace       used 9372K, committed 9536K, reserved 1114112K
  class space    used 1093K, committed 1152K, reserved 1048576K
}
Event: 9.449 GC heap before
{Heap before GC invocations=2 (full 0):
 garbage-first heap   total 57344K, used 23709K [0x00000000c9e00000, 0x0000000100000000)
  region size 1024K, 21 young (21504K), 2 survivors (2048K)
 Metaspace       used 16560K, committed 16832K, reserved 1114112K
  class space    used 1931K, committed 2048K, reserved 1048576K
}
Event: 9.460 GC heap after
{Heap after GC invocations=3 (full 0):
 garbage-first heap   total 57344K, used 8092K [0x00000000c9e00000, 0x0000000100000000)
  region size 1024K, 3 young (3072K), 3 survivors (3072K)
 Metaspace       used 16560K, committed 16832K, reserved 1114112K
  class space    used 1931K, committed 2048K, reserved 1048576K
}
Event: 23.709 GC heap before
{Heap before GC invocations=3 (full 0):
 garbage-first heap   total 57344K, used 42908K [0x00000000c9e00000, 0x0000000100000000)
  region size 1024K, 21 young (21504K), 3 survivors (3072K)
 Metaspace       used 21202K, committed 21504K, reserved 1114112K
  class space    used 2579K, committed 2688K, reserved 1048576K
}
Event: 23.720 GC heap after
{Heap after GC invocations=4 (full 0):
 garbage-first heap   total 57344K, used 27901K [0x00000000c9e00000, 0x0000000100000000)
  region size 1024K, 3 young (3072K), 3 survivors (3072K)
 Metaspace       used 21202K, committed 21504K, reserved 1114112K
  class space    used 2579K, committed 2688K, reserved 1048576K
}

