# JRE version: Java(TM) SE Runtime Environment (18.0+36) (build 18+36-2087)
# Java VM: Java HotSpot(TM) 64-Bit Server VM (18+36-2087, mixed mode, sharing, tiered, compressed oops, compressed class ptrs, g1 gc, windows-amd64)
GC Precious Log:
 CardTable entry size: 512
 Card Set container configuration: InlinePtr #cards 5 size 8 Array Of Cards #cards 12 size 40 Howl #buckets 4 coarsen threshold 1843 Howl Bitmap #cards 512 size 80 coarsen threshold 460 Card regions per heap region 1 cards per card region 2048
 CPUs: 4 total, 4 available
 Memory: 3463M
 Large Page Support: Disabled
 NUMA Support: Disabled
 Compressed Oops: Enabled (32-bit)
 Heap Region Size: 1M
 Heap Min Capacity: 8M
 Heap Initial Capacity: 56M
 Heap Max Capacity: 866M
 Pre-touch: Disabled
 Parallel Workers: 4
 Concurrent Workers: 1
 Concurrent Refinement Workers: 4
 Periodic GC: Disabled
Heap:
 garbage-first heap   total 57344K, used 35840K [0x00000000c9e00000, 0x0000000100000000)
  region size 1024K, 14 young (14336K), 3 survivors (3072K)
 Metaspace       used 19738K, committed 19968K, reserved 1114112K
  class space    used 2377K, committed 2496K, reserved 1048576K
GC Heap History (6 events):
Event: 1.844 GC heap before
{Heap before GC invocations=0 (full 0):
 garbage-first heap   total 57344K, used 13312K [0x00000000c9e00000, 0x0000000100000000)
  region size 1024K, 13 young (13312K), 0 survivors (0K)
 Metaspace       used 5522K, committed 5696K, reserved 1114112K
  class space    used 579K, committed 640K, reserved 1048576K
}
Event: 1.863 GC heap after
{Heap after GC invocations=1 (full 0):
 garbage-first heap   total 57344K, used 4012K [0x00000000c9e00000, 0x0000000100000000)
  region size 1024K, 2 young (2048K), 2 survivors (2048K)
 Metaspace       used 5522K, committed 5696K, reserved 1114112K
  class space    used 579K, committed 640K, reserved 1048576K
}
Event: 2.822 GC heap before
{Heap before GC invocations=1 (full 0):
 garbage-first heap   total 57344K, used 16300K [0x00000000c9e00000, 0x0000000100000000)
  region size 1024K, 14 young (14336K), 2 survivors (2048K)
 Metaspace       used 9337K, committed 9536K, reserved 1114112K
  class space    used 1081K, committed 1152K, reserved 1048576K
}
Event: 2.833 GC heap after
{Heap after GC invocations=2 (full 0):
 garbage-first heap   total 57344K, used 5297K [0x00000000c9e00000, 0x0000000100000000)
  region size 1024K, 2 young (2048K), 2 survivors (2048K)
 Metaspace       used 9337K, committed 9536K, reserved 1114112K
  class space    used 1081K, committed 1152K, reserved 1048576K
}
Event: 4.146 GC heap before
{Heap before GC invocations=2 (full 0):
 garbage-first heap   total 57344K, used 24753K [0x00000000c9e00000, 0x0000000100000000)
  region size 1024K, 21 young (21504K), 2 survivors (2048K)
 Metaspace       used 16535K, committed 16768K, reserved 1114112K
  class space    used 1924K, committed 2048K, reserved 1048576K
}
Event: 4.155 GC heap after
{Heap after GC invocations=3 (full 0):
 garbage-first heap   total 57344K, used 8192K [0x00000000c9e00000, 0x0000000100000000)
  region size 1024K, 3 young (3072K), 3 survivors (3072K)
 Metaspace       used 16535K, committed 16768K, reserved 1114112K
  class space    used 1924K, committed 2048K, reserved 1048576K
}

